<?xml version="1.0" encoding="UTF-8"?>
<testng-results ignored="0" total="1" passed="1" failed="0" skipped="0">
  <reporter-output>
  </reporter-output>
  <suite started-at="2024-04-20T14:21:58 IST" name="Default suite" finished-at="2024-04-20T14:22:09 IST" duration-ms="11206">
    <groups>
    </groups>
    <test started-at="2024-04-20T14:21:58 IST" name="Default test" finished-at="2024-04-20T14:22:09 IST" duration-ms="11206">
      <class name="SWT.testngpgm1">
        <test-method is-config="true" signature="beforeTest()[pri:0, instance:SWT.testngpgm1@52e6fdee]" started-at="2024-04-20T14:21:58 IST" name="beforeTest" finished-at="2024-04-20T14:22:08 IST" duration-ms="10368" status="PASS">
          <reporter-output>
          </reporter-output>
        </test-method> <!-- beforeTest -->
        <test-method signature="f()[pri:0, instance:SWT.testngpgm1@52e6fdee]" started-at="2024-04-20T14:22:08 IST" name="f" finished-at="2024-04-20T14:22:09 IST" duration-ms="73" status="PASS">
          <reporter-output>
          </reporter-output>
        </test-method> <!-- f -->
        <test-method is-config="true" signature="afterTest()[pri:0, instance:SWT.testngpgm1@52e6fdee]" started-at="2024-04-20T14:22:09 IST" name="afterTest" finished-at="2024-04-20T14:22:09 IST" duration-ms="589" status="PASS">
          <reporter-output>
          </reporter-output>
        </test-method> <!-- afterTest -->
      </class> <!-- SWT.testngpgm1 -->
    </test> <!-- Default test -->
  </suite> <!-- Default suite -->
</testng-results>
